mode: set
github.com/kamencov/go-musthave-shortener-tpl/cmd/staticlint/noexit/noexit.go:17.52,18.34 1 0
github.com/kamencov/go-musthave-shortener-tpl/cmd/staticlint/noexit/noexit.go:18.34,20.82 1 0
github.com/kamencov/go-musthave-shortener-tpl/cmd/staticlint/noexit/noexit.go:20.82,21.44 1 0
github.com/kamencov/go-musthave-shortener-tpl/cmd/staticlint/noexit/noexit.go:21.44,23.66 1 0
github.com/kamencov/go-musthave-shortener-tpl/cmd/staticlint/noexit/noexit.go:23.66,25.49 1 0
github.com/kamencov/go-musthave-shortener-tpl/cmd/staticlint/noexit/noexit.go:25.49,26.44 1 0
github.com/kamencov/go-musthave-shortener-tpl/cmd/staticlint/noexit/noexit.go:26.44,27.55 1 0
github.com/kamencov/go-musthave-shortener-tpl/cmd/staticlint/noexit/noexit.go:27.55,28.52 1 0
github.com/kamencov/go-musthave-shortener-tpl/cmd/staticlint/noexit/noexit.go:29.68,30.91 1 0
github.com/kamencov/go-musthave-shortener-tpl/cmd/staticlint/noexit/noexit.go:34.7,34.18 1 0
github.com/kamencov/go-musthave-shortener-tpl/cmd/staticlint/noexit/noexit.go:37.5,37.16 1 0
github.com/kamencov/go-musthave-shortener-tpl/cmd/staticlint/noexit/noexit.go:41.2,41.17 1 0
github.com/kamencov/go-musthave-shortener-tpl/docs/docs.go:427.13,429.2 1 0
github.com/kamencov/go-musthave-shortener-tpl/cmd/staticlint/multichecker.go:19.13,31.42 3 0
github.com/kamencov/go-musthave-shortener-tpl/cmd/staticlint/multichecker.go:31.42,32.34 1 0
github.com/kamencov/go-musthave-shortener-tpl/cmd/staticlint/multichecker.go:32.34,34.4 1 0
github.com/kamencov/go-musthave-shortener-tpl/cmd/staticlint/multichecker.go:38.2,38.42 1 0
github.com/kamencov/go-musthave-shortener-tpl/cmd/staticlint/multichecker.go:38.42,39.34 1 0
github.com/kamencov/go-musthave-shortener-tpl/cmd/staticlint/multichecker.go:39.34,41.9 2 0
github.com/kamencov/go-musthave-shortener-tpl/cmd/staticlint/multichecker.go:47.2,48.16 2 0
github.com/kamencov/go-musthave-shortener-tpl/cmd/staticlint/multichecker.go:48.16,50.3 1 0
github.com/kamencov/go-musthave-shortener-tpl/cmd/staticlint/multichecker.go:53.2,59.3 3 0
github.com/kamencov/go-musthave-shortener-tpl/cmd/staticlint/revive/revive.go:7.34,11.2 3 0
github.com/kamencov/go-musthave-shortener-tpl/internal/mocks/mock_storage.go:26.59,30.2 3 0
github.com/kamencov/go-musthave-shortener-tpl/internal/mocks/mock_storage.go:33.57,35.2 1 0
github.com/kamencov/go-musthave-shortener-tpl/internal/mocks/mock_storage.go:38.61,44.2 5 0
github.com/kamencov/go-musthave-shortener-tpl/internal/mocks/mock_storage.go:47.76,50.2 2 0
github.com/kamencov/go-musthave-shortener-tpl/internal/mocks/mock_storage.go:53.37,58.2 4 0
github.com/kamencov/go-musthave-shortener-tpl/internal/mocks/mock_storage.go:61.57,64.2 2 0
github.com/kamencov/go-musthave-shortener-tpl/internal/mocks/mock_storage.go:67.71,72.2 4 0
github.com/kamencov/go-musthave-shortener-tpl/internal/mocks/mock_storage.go:75.87,78.2 2 0
github.com/kamencov/go-musthave-shortener-tpl/internal/mocks/mock_storage.go:81.85,87.2 5 0
github.com/kamencov/go-musthave-shortener-tpl/internal/mocks/mock_storage.go:90.88,93.2 2 0
github.com/kamencov/go-musthave-shortener-tpl/internal/mocks/mock_storage.go:96.59,102.2 5 0
github.com/kamencov/go-musthave-shortener-tpl/internal/mocks/mock_storage.go:105.74,108.2 2 0
github.com/kamencov/go-musthave-shortener-tpl/internal/mocks/mock_storage.go:111.36,116.2 4 0
github.com/kamencov/go-musthave-shortener-tpl/internal/mocks/mock_storage.go:119.56,122.2 2 0
github.com/kamencov/go-musthave-shortener-tpl/internal/mocks/mock_storage.go:125.120,131.2 5 0
github.com/kamencov/go-musthave-shortener-tpl/internal/mocks/mock_storage.go:134.98,137.2 2 0
github.com/kamencov/go-musthave-shortener-tpl/internal/mocks/mock_storage.go:140.75,145.2 4 0
github.com/kamencov/go-musthave-shortener-tpl/internal/mocks/mock_storage.go:148.100,151.2 2 0
github.com/kamencov/go-musthave-shortener-tpl/internal/handlers/handlers.go:29.114,36.2 1 1
github.com/kamencov/go-musthave-shortener-tpl/internal/handlers/handlers.go:52.69,61.16 3 1
github.com/kamencov/go-musthave-shortener-tpl/internal/handlers/handlers.go:61.16,65.3 3 0
github.com/kamencov/go-musthave-shortener-tpl/internal/handlers/handlers.go:68.2,70.25 2 1
github.com/kamencov/go-musthave-shortener-tpl/internal/handlers/handlers.go:70.25,72.3 1 0
github.com/kamencov/go-musthave-shortener-tpl/internal/handlers/handlers.go:75.2,75.24 1 1
github.com/kamencov/go-musthave-shortener-tpl/internal/handlers/handlers.go:75.24,84.3 3 1
github.com/kamencov/go-musthave-shortener-tpl/internal/handlers/handlers.go:87.2,88.16 2 1
github.com/kamencov/go-musthave-shortener-tpl/internal/handlers/handlers.go:88.16,92.3 3 0
github.com/kamencov/go-musthave-shortener-tpl/internal/handlers/handlers.go:97.2,98.16 2 1
github.com/kamencov/go-musthave-shortener-tpl/internal/handlers/handlers.go:98.16,99.47 1 0
github.com/kamencov/go-musthave-shortener-tpl/internal/handlers/handlers.go:99.47,104.4 4 0
github.com/kamencov/go-musthave-shortener-tpl/internal/handlers/handlers.go:105.3,107.9 3 0
github.com/kamencov/go-musthave-shortener-tpl/internal/handlers/handlers.go:111.2,119.16 5 1
github.com/kamencov/go-musthave-shortener-tpl/internal/handlers/handlers.go:119.16,126.3 3 0
github.com/kamencov/go-musthave-shortener-tpl/internal/handlers/handlers.go:143.68,147.16 2 1
github.com/kamencov/go-musthave-shortener-tpl/internal/handlers/handlers.go:147.16,151.3 3 0
github.com/kamencov/go-musthave-shortener-tpl/internal/handlers/handlers.go:154.2,154.24 1 1
github.com/kamencov/go-musthave-shortener-tpl/internal/handlers/handlers.go:154.24,163.3 3 1
github.com/kamencov/go-musthave-shortener-tpl/internal/handlers/handlers.go:165.2,167.25 2 1
github.com/kamencov/go-musthave-shortener-tpl/internal/handlers/handlers.go:167.25,169.3 1 0
github.com/kamencov/go-musthave-shortener-tpl/internal/handlers/handlers.go:172.2,173.16 2 1
github.com/kamencov/go-musthave-shortener-tpl/internal/handlers/handlers.go:173.16,174.47 1 0
github.com/kamencov/go-musthave-shortener-tpl/internal/handlers/handlers.go:174.47,181.4 5 0
github.com/kamencov/go-musthave-shortener-tpl/internal/handlers/handlers.go:182.3,184.9 3 0
github.com/kamencov/go-musthave-shortener-tpl/internal/handlers/handlers.go:188.2,190.42 3 1
github.com/kamencov/go-musthave-shortener-tpl/internal/handlers/handlers.go:206.72,211.16 3 1
github.com/kamencov/go-musthave-shortener-tpl/internal/handlers/handlers.go:211.16,215.3 3 0
github.com/kamencov/go-musthave-shortener-tpl/internal/handlers/handlers.go:218.2,218.24 1 1
github.com/kamencov/go-musthave-shortener-tpl/internal/handlers/handlers.go:218.24,227.3 3 1
github.com/kamencov/go-musthave-shortener-tpl/internal/handlers/handlers.go:230.2,232.25 2 1
github.com/kamencov/go-musthave-shortener-tpl/internal/handlers/handlers.go:232.25,234.3 1 0
github.com/kamencov/go-musthave-shortener-tpl/internal/handlers/handlers.go:237.2,238.16 2 1
github.com/kamencov/go-musthave-shortener-tpl/internal/handlers/handlers.go:238.16,242.3 3 1
github.com/kamencov/go-musthave-shortener-tpl/internal/handlers/handlers.go:244.2,245.16 2 1
github.com/kamencov/go-musthave-shortener-tpl/internal/handlers/handlers.go:245.16,249.3 3 1
github.com/kamencov/go-musthave-shortener-tpl/internal/handlers/handlers.go:251.2,252.16 2 1
github.com/kamencov/go-musthave-shortener-tpl/internal/handlers/handlers.go:252.16,256.3 3 0
github.com/kamencov/go-musthave-shortener-tpl/internal/handlers/handlers.go:258.2,260.23 3 1
github.com/kamencov/go-musthave-shortener-tpl/internal/handlers/handlers.go:277.67,283.20 2 1
github.com/kamencov/go-musthave-shortener-tpl/internal/handlers/handlers.go:283.20,286.3 2 0
github.com/kamencov/go-musthave-shortener-tpl/internal/handlers/handlers.go:289.2,290.16 2 1
github.com/kamencov/go-musthave-shortener-tpl/internal/handlers/handlers.go:290.16,291.49 1 1
github.com/kamencov/go-musthave-shortener-tpl/internal/handlers/handlers.go:291.49,295.4 3 0
github.com/kamencov/go-musthave-shortener-tpl/internal/handlers/handlers.go:296.3,298.9 3 1
github.com/kamencov/go-musthave-shortener-tpl/internal/handlers/handlers.go:302.2,303.45 2 1
github.com/kamencov/go-musthave-shortener-tpl/internal/handlers/handlers.go:317.68,318.41 1 1
github.com/kamencov/go-musthave-shortener-tpl/internal/handlers/handlers.go:318.41,322.3 3 0
github.com/kamencov/go-musthave-shortener-tpl/internal/handlers/handlers.go:323.2,324.30 2 1
github.com/kamencov/go-musthave-shortener-tpl/internal/handlers/handlers.go:341.73,343.25 2 1
github.com/kamencov/go-musthave-shortener-tpl/internal/handlers/handlers.go:343.25,347.3 3 1
github.com/kamencov/go-musthave-shortener-tpl/internal/handlers/handlers.go:350.2,352.16 2 1
github.com/kamencov/go-musthave-shortener-tpl/internal/handlers/handlers.go:352.16,353.36 1 1
github.com/kamencov/go-musthave-shortener-tpl/internal/handlers/handlers.go:353.36,357.4 3 1
github.com/kamencov/go-musthave-shortener-tpl/internal/handlers/handlers.go:358.3,360.9 3 1
github.com/kamencov/go-musthave-shortener-tpl/internal/handlers/handlers.go:363.2,363.24 1 1
github.com/kamencov/go-musthave-shortener-tpl/internal/handlers/handlers.go:363.24,367.3 3 1
github.com/kamencov/go-musthave-shortener-tpl/internal/handlers/handlers.go:369.2,372.59 3 1
github.com/kamencov/go-musthave-shortener-tpl/internal/handlers/handlers.go:372.59,377.3 3 0
github.com/kamencov/go-musthave-shortener-tpl/internal/handlers/handlers.go:392.73,395.42 3 1
github.com/kamencov/go-musthave-shortener-tpl/internal/handlers/handlers.go:395.42,399.3 3 1
github.com/kamencov/go-musthave-shortener-tpl/internal/handlers/handlers.go:402.2,409.66 3 1
github.com/kamencov/go-musthave-shortener-tpl/internal/handlers/handlers.go:409.66,413.3 3 1
github.com/kamencov/go-musthave-shortener-tpl/internal/handlers/handlers.go:415.2,415.36 1 1
github.com/kamencov/go-musthave-shortener-tpl/internal/handlers/handlers.go:419.50,421.2 1 1
github.com/kamencov/go-musthave-shortener-tpl/internal/mocks/mock_storage.go:26.59,30.2 3 1
github.com/kamencov/go-musthave-shortener-tpl/internal/mocks/mock_storage.go:33.57,35.2 1 1
github.com/kamencov/go-musthave-shortener-tpl/internal/mocks/mock_storage.go:38.61,44.2 5 0
github.com/kamencov/go-musthave-shortener-tpl/internal/mocks/mock_storage.go:47.76,50.2 2 0
github.com/kamencov/go-musthave-shortener-tpl/internal/mocks/mock_storage.go:53.37,58.2 4 0
github.com/kamencov/go-musthave-shortener-tpl/internal/mocks/mock_storage.go:61.57,64.2 2 0
github.com/kamencov/go-musthave-shortener-tpl/internal/mocks/mock_storage.go:67.71,72.2 4 0
github.com/kamencov/go-musthave-shortener-tpl/internal/mocks/mock_storage.go:75.87,78.2 2 0
github.com/kamencov/go-musthave-shortener-tpl/internal/mocks/mock_storage.go:81.85,87.2 5 1
github.com/kamencov/go-musthave-shortener-tpl/internal/mocks/mock_storage.go:90.88,93.2 2 1
github.com/kamencov/go-musthave-shortener-tpl/internal/mocks/mock_storage.go:96.59,102.2 5 0
github.com/kamencov/go-musthave-shortener-tpl/internal/mocks/mock_storage.go:105.74,108.2 2 0
github.com/kamencov/go-musthave-shortener-tpl/internal/mocks/mock_storage.go:111.36,116.2 4 1
github.com/kamencov/go-musthave-shortener-tpl/internal/mocks/mock_storage.go:119.56,122.2 2 1
github.com/kamencov/go-musthave-shortener-tpl/internal/mocks/mock_storage.go:125.120,131.2 5 1
github.com/kamencov/go-musthave-shortener-tpl/internal/mocks/mock_storage.go:134.98,137.2 2 1
github.com/kamencov/go-musthave-shortener-tpl/internal/mocks/mock_storage.go:140.75,145.2 4 0
github.com/kamencov/go-musthave-shortener-tpl/internal/mocks/mock_storage.go:148.100,151.2 2 0
github.com/kamencov/go-musthave-shortener-tpl/cmd/shortener/config.go:19.28,21.2 1 1
github.com/kamencov/go-musthave-shortener-tpl/cmd/shortener/config.go:24.27,29.21 3 1
github.com/kamencov/go-musthave-shortener-tpl/cmd/shortener/config.go:29.21,31.3 1 0
github.com/kamencov/go-musthave-shortener-tpl/cmd/shortener/config.go:33.2,34.19 2 1
github.com/kamencov/go-musthave-shortener-tpl/cmd/shortener/config.go:34.19,36.3 1 0
github.com/kamencov/go-musthave-shortener-tpl/cmd/shortener/config.go:38.2,38.62 1 1
github.com/kamencov/go-musthave-shortener-tpl/cmd/shortener/config.go:38.62,40.3 1 0
github.com/kamencov/go-musthave-shortener-tpl/cmd/shortener/config.go:42.2,42.64 1 1
github.com/kamencov/go-musthave-shortener-tpl/cmd/shortener/config.go:42.64,44.3 1 0
github.com/kamencov/go-musthave-shortener-tpl/cmd/shortener/config.go:46.2,46.61 1 1
github.com/kamencov/go-musthave-shortener-tpl/cmd/shortener/config.go:46.61,48.3 1 0
github.com/kamencov/go-musthave-shortener-tpl/cmd/shortener/config.go:53.32,71.2 6 1
github.com/kamencov/go-musthave-shortener-tpl/cmd/shortener/initDB.go:13.54,15.18 1 0
github.com/kamencov/go-musthave-shortener-tpl/cmd/shortener/initDB.go:15.18,20.17 3 0
github.com/kamencov/go-musthave-shortener-tpl/cmd/shortener/initDB.go:20.17,22.4 1 0
github.com/kamencov/go-musthave-shortener-tpl/cmd/shortener/initDB.go:23.3,23.16 1 0
github.com/kamencov/go-musthave-shortener-tpl/cmd/shortener/initDB.go:24.8,24.27 1 0
github.com/kamencov/go-musthave-shortener-tpl/cmd/shortener/initDB.go:24.27,29.17 3 0
github.com/kamencov/go-musthave-shortener-tpl/cmd/shortener/initDB.go:29.17,31.4 1 0
github.com/kamencov/go-musthave-shortener-tpl/cmd/shortener/initDB.go:32.3,32.18 1 0
github.com/kamencov/go-musthave-shortener-tpl/cmd/shortener/initDB.go:33.8,39.3 3 0
github.com/kamencov/go-musthave-shortener-tpl/cmd/shortener/main.go:41.13,88.34 22 0
github.com/kamencov/go-musthave-shortener-tpl/cmd/shortener/main.go:88.34,94.3 5 0
github.com/kamencov/go-musthave-shortener-tpl/cmd/shortener/main.go:96.2,99.47 3 0
github.com/kamencov/go-musthave-shortener-tpl/cmd/shortener/main.go:99.47,103.3 3 0
github.com/kamencov/go-musthave-shortener-tpl/cmd/shortener/main.go:105.2,110.67 4 0
github.com/kamencov/go-musthave-shortener-tpl/cmd/shortener/main.go:110.67,112.3 1 0
github.com/kamencov/go-musthave-shortener-tpl/internal/logger/alias.go:48.48,50.2 1 0
github.com/kamencov/go-musthave-shortener-tpl/internal/logger/alias.go:53.46,55.2 1 0
github.com/kamencov/go-musthave-shortener-tpl/internal/logger/alias.go:58.44,60.2 1 0
github.com/kamencov/go-musthave-shortener-tpl/internal/logger/alias.go:63.48,65.2 1 0
github.com/kamencov/go-musthave-shortener-tpl/internal/logger/alias.go:68.30,70.2 1 0
github.com/kamencov/go-musthave-shortener-tpl/internal/logger/context.go:11.83,13.2 1 0
github.com/kamencov/go-musthave-shortener-tpl/internal/logger/context.go:16.58,17.62 1 0
github.com/kamencov/go-musthave-shortener-tpl/internal/logger/context.go:17.62,19.3 1 0
github.com/kamencov/go-musthave-shortener-tpl/internal/logger/context.go:20.2,20.23 1 0
github.com/kamencov/go-musthave-shortener-tpl/internal/logger/logger.go:18.46,26.27 2 0
github.com/kamencov/go-musthave-shortener-tpl/internal/logger/logger.go:26.27,28.3 1 0
github.com/kamencov/go-musthave-shortener-tpl/internal/logger/logger.go:30.2,37.19 3 0
github.com/kamencov/go-musthave-shortener-tpl/internal/logger/logger.go:37.19,39.3 1 0
github.com/kamencov/go-musthave-shortener-tpl/internal/logger/logger.go:41.2,43.23 2 0
github.com/kamencov/go-musthave-shortener-tpl/internal/logger/logger.go:43.23,45.3 1 0
github.com/kamencov/go-musthave-shortener-tpl/internal/logger/logger.go:47.2,47.15 1 0
github.com/kamencov/go-musthave-shortener-tpl/internal/logger/logger.go:62.43,63.36 1 1
github.com/kamencov/go-musthave-shortener-tpl/internal/logger/logger.go:63.36,65.58 2 1
github.com/kamencov/go-musthave-shortener-tpl/internal/logger/logger.go:65.58,67.4 1 0
github.com/kamencov/go-musthave-shortener-tpl/internal/logger/logger.go:69.3,69.20 1 1
github.com/kamencov/go-musthave-shortener-tpl/internal/logger/logger.go:74.49,75.36 1 0
github.com/kamencov/go-musthave-shortener-tpl/internal/logger/logger.go:75.36,77.3 1 0
github.com/kamencov/go-musthave-shortener-tpl/internal/logger/logger.go:81.43,82.36 1 0
github.com/kamencov/go-musthave-shortener-tpl/internal/logger/logger.go:82.36,84.3 1 0
github.com/kamencov/go-musthave-shortener-tpl/internal/logger/logger.go:88.51,89.36 1 0
github.com/kamencov/go-musthave-shortener-tpl/internal/logger/logger.go:89.36,91.3 1 0
github.com/kamencov/go-musthave-shortener-tpl/internal/logger/logger.go:95.59,97.29 2 0
github.com/kamencov/go-musthave-shortener-tpl/internal/logger/logger.go:97.29,99.3 1 0
github.com/kamencov/go-musthave-shortener-tpl/internal/logger/logger.go:101.2,101.15 1 0
github.com/kamencov/go-musthave-shortener-tpl/internal/logger/logger.go:105.62,106.29 1 0
github.com/kamencov/go-musthave-shortener-tpl/internal/logger/logger.go:106.29,108.3 1 0
github.com/kamencov/go-musthave-shortener-tpl/internal/logger/logger.go:110.2,110.15 1 0
github.com/kamencov/go-musthave-shortener-tpl/internal/logger/logger.go:114.37,116.2 1 0
github.com/kamencov/go-musthave-shortener-tpl/internal/logger/logger.go:119.24,121.2 1 1
github.com/kamencov/go-musthave-shortener-tpl/internal/middleware/ZIP.go:12.50,13.55 1 1
github.com/kamencov/go-musthave-shortener-tpl/internal/middleware/ZIP.go:13.55,21.19 4 1
github.com/kamencov/go-musthave-shortener-tpl/internal/middleware/ZIP.go:21.19,27.17 3 1
github.com/kamencov/go-musthave-shortener-tpl/internal/middleware/ZIP.go:27.17,29.40 1 1
github.com/kamencov/go-musthave-shortener-tpl/internal/middleware/ZIP.go:29.40,31.6 1 0
github.com/kamencov/go-musthave-shortener-tpl/internal/middleware/ZIP.go:36.3,38.16 3 1
github.com/kamencov/go-musthave-shortener-tpl/internal/middleware/ZIP.go:38.16,41.18 2 0
github.com/kamencov/go-musthave-shortener-tpl/internal/middleware/ZIP.go:41.18,44.5 2 0
github.com/kamencov/go-musthave-shortener-tpl/internal/middleware/ZIP.go:46.4,47.20 2 0
github.com/kamencov/go-musthave-shortener-tpl/internal/middleware/ZIP.go:51.3,51.21 1 1
github.com/kamencov/go-musthave-shortener-tpl/internal/middleware/ZIP.go:54.2,54.31 1 1
github.com/kamencov/go-musthave-shortener-tpl/internal/middleware/auth.go:24.70,28.2 1 1
github.com/kamencov/go-musthave-shortener-tpl/internal/middleware/auth.go:31.66,34.2 2 0
github.com/kamencov/go-musthave-shortener-tpl/internal/middleware/auth.go:45.70,46.53 1 1
github.com/kamencov/go-musthave-shortener-tpl/internal/middleware/auth.go:46.53,49.23 3 1
github.com/kamencov/go-musthave-shortener-tpl/internal/middleware/auth.go:49.23,51.4 1 0
github.com/kamencov/go-musthave-shortener-tpl/internal/middleware/auth.go:51.9,54.40 2 1
github.com/kamencov/go-musthave-shortener-tpl/internal/middleware/auth.go:54.40,56.5 1 0
github.com/kamencov/go-musthave-shortener-tpl/internal/middleware/auth.go:56.10,58.5 1 1
github.com/kamencov/go-musthave-shortener-tpl/internal/middleware/auth.go:61.3,62.17 2 1
github.com/kamencov/go-musthave-shortener-tpl/internal/middleware/auth.go:62.17,67.18 3 1
github.com/kamencov/go-musthave-shortener-tpl/internal/middleware/auth.go:67.18,70.5 2 1
github.com/kamencov/go-musthave-shortener-tpl/internal/middleware/auth.go:73.4,81.42 2 1
github.com/kamencov/go-musthave-shortener-tpl/internal/middleware/auth.go:83.3,84.45 2 1
github.com/kamencov/go-musthave-shortener-tpl/internal/middleware/auth.go:87.2,87.29 1 1
github.com/kamencov/go-musthave-shortener-tpl/internal/middleware/auth.go:99.75,100.53 1 1
github.com/kamencov/go-musthave-shortener-tpl/internal/middleware/auth.go:100.53,102.17 2 1
github.com/kamencov/go-musthave-shortener-tpl/internal/middleware/auth.go:102.17,105.4 2 1
github.com/kamencov/go-musthave-shortener-tpl/internal/middleware/auth.go:107.3,108.17 2 1
github.com/kamencov/go-musthave-shortener-tpl/internal/middleware/auth.go:108.17,111.4 2 1
github.com/kamencov/go-musthave-shortener-tpl/internal/middleware/auth.go:113.3,114.45 2 1
github.com/kamencov/go-musthave-shortener-tpl/internal/middleware/auth.go:117.2,117.29 1 1
github.com/kamencov/go-musthave-shortener-tpl/internal/middleware/logger.go:24.62,29.2 3 1
github.com/kamencov/go-musthave-shortener-tpl/internal/middleware/logger.go:32.61,36.2 2 0
github.com/kamencov/go-musthave-shortener-tpl/internal/middleware/logger.go:39.47,40.56 1 1
github.com/kamencov/go-musthave-shortener-tpl/internal/middleware/logger.go:40.56,63.3 6 1
github.com/kamencov/go-musthave-shortener-tpl/internal/middleware/logger.go:64.2,64.32 1 1
github.com/kamencov/go-musthave-shortener-tpl/internal/middleware/pprof.go:13.51,14.53 1 1
github.com/kamencov/go-musthave-shortener-tpl/internal/middleware/pprof.go:14.53,15.30 1 1
github.com/kamencov/go-musthave-shortener-tpl/internal/middleware/pprof.go:15.30,16.35 1 1
github.com/kamencov/go-musthave-shortener-tpl/internal/middleware/pprof.go:16.35,20.5 3 1
github.com/kamencov/go-musthave-shortener-tpl/internal/middleware/pprof.go:21.4,23.10 3 1
github.com/kamencov/go-musthave-shortener-tpl/internal/middleware/pprof.go:26.3,26.20 1 0
github.com/kamencov/go-musthave-shortener-tpl/internal/middleware/pprof.go:29.2,29.29 1 1
github.com/kamencov/go-musthave-shortener-tpl/internal/mocks/mock_storage.go:26.59,30.2 3 0
github.com/kamencov/go-musthave-shortener-tpl/internal/mocks/mock_storage.go:33.57,35.2 1 0
github.com/kamencov/go-musthave-shortener-tpl/internal/mocks/mock_storage.go:38.61,44.2 5 0
github.com/kamencov/go-musthave-shortener-tpl/internal/mocks/mock_storage.go:47.76,50.2 2 0
github.com/kamencov/go-musthave-shortener-tpl/internal/mocks/mock_storage.go:53.37,58.2 4 0
github.com/kamencov/go-musthave-shortener-tpl/internal/mocks/mock_storage.go:61.57,64.2 2 0
github.com/kamencov/go-musthave-shortener-tpl/internal/mocks/mock_storage.go:67.71,72.2 4 0
github.com/kamencov/go-musthave-shortener-tpl/internal/mocks/mock_storage.go:75.87,78.2 2 0
github.com/kamencov/go-musthave-shortener-tpl/internal/mocks/mock_storage.go:81.85,87.2 5 0
github.com/kamencov/go-musthave-shortener-tpl/internal/mocks/mock_storage.go:90.88,93.2 2 0
github.com/kamencov/go-musthave-shortener-tpl/internal/mocks/mock_storage.go:96.59,102.2 5 0
github.com/kamencov/go-musthave-shortener-tpl/internal/mocks/mock_storage.go:105.74,108.2 2 0
github.com/kamencov/go-musthave-shortener-tpl/internal/mocks/mock_storage.go:111.36,116.2 4 0
github.com/kamencov/go-musthave-shortener-tpl/internal/mocks/mock_storage.go:119.56,122.2 2 0
github.com/kamencov/go-musthave-shortener-tpl/internal/mocks/mock_storage.go:125.120,131.2 5 0
github.com/kamencov/go-musthave-shortener-tpl/internal/mocks/mock_storage.go:134.98,137.2 2 0
github.com/kamencov/go-musthave-shortener-tpl/internal/mocks/mock_storage.go:140.75,145.2 4 0
github.com/kamencov/go-musthave-shortener-tpl/internal/mocks/mock_storage.go:148.100,151.2 2 0
github.com/kamencov/go-musthave-shortener-tpl/internal/service/SaveBatch.go:6.120,8.2 1 0
github.com/kamencov/go-musthave-shortener-tpl/internal/service/delURLs.go:4.66,6.2 1 0
github.com/kamencov/go-musthave-shortener-tpl/internal/service/getAllURL.go:6.81,8.2 1 0
github.com/kamencov/go-musthave-shortener-tpl/internal/service/getURL.go:4.59,6.16 2 1
github.com/kamencov/go-musthave-shortener-tpl/internal/service/getURL.go:6.16,8.3 1 1
github.com/kamencov/go-musthave-shortener-tpl/internal/service/getURL.go:9.2,9.17 1 0
github.com/kamencov/go-musthave-shortener-tpl/internal/service/ping.go:4.32,6.2 1 0
github.com/kamencov/go-musthave-shortener-tpl/internal/service/saveURL.go:10.63,13.58 1 1
github.com/kamencov/go-musthave-shortener-tpl/internal/service/saveURL.go:13.58,15.3 1 0
github.com/kamencov/go-musthave-shortener-tpl/internal/service/saveURL.go:18.2,20.16 2 1
github.com/kamencov/go-musthave-shortener-tpl/internal/service/saveURL.go:20.16,23.3 2 1
github.com/kamencov/go-musthave-shortener-tpl/internal/service/saveURL.go:25.2,26.16 2 1
github.com/kamencov/go-musthave-shortener-tpl/internal/service/saveURL.go:26.16,29.3 2 0
github.com/kamencov/go-musthave-shortener-tpl/internal/service/saveURL.go:31.2,31.23 1 1
github.com/kamencov/go-musthave-shortener-tpl/internal/service/service.go:14.66,19.2 1 1
github.com/kamencov/go-musthave-shortener-tpl/internal/service/auth/auth.go:37.59,45.2 1 0
github.com/kamencov/go-musthave-shortener-tpl/internal/service/auth/auth.go:56.65,58.101 2 1
github.com/kamencov/go-musthave-shortener-tpl/internal/service/auth/auth.go:58.101,59.58 1 1
github.com/kamencov/go-musthave-shortener-tpl/internal/service/auth/auth.go:59.58,61.4 1 0
github.com/kamencov/go-musthave-shortener-tpl/internal/service/auth/auth.go:63.3,63.30 1 1
github.com/kamencov/go-musthave-shortener-tpl/internal/service/auth/auth.go:65.2,65.38 1 1
github.com/kamencov/go-musthave-shortener-tpl/internal/service/auth/auth.go:65.38,67.3 1 0
github.com/kamencov/go-musthave-shortener-tpl/internal/service/auth/auth.go:69.2,69.27 1 1
github.com/kamencov/go-musthave-shortener-tpl/internal/service/auth/auth.go:73.73,80.16 3 1
github.com/kamencov/go-musthave-shortener-tpl/internal/service/auth/auth.go:80.16,82.3 1 0
github.com/kamencov/go-musthave-shortener-tpl/internal/service/auth/auth.go:84.2,84.25 1 1
github.com/kamencov/go-musthave-shortener-tpl/internal/service/auth/mock_auth.go:25.67,29.2 3 0
github.com/kamencov/go-musthave-shortener-tpl/internal/service/auth/mock_auth.go:32.65,34.2 1 0
github.com/kamencov/go-musthave-shortener-tpl/internal/service/auth/mock_auth.go:37.76,43.2 5 0
github.com/kamencov/go-musthave-shortener-tpl/internal/service/auth/mock_auth.go:46.91,49.2 2 0
github.com/kamencov/go-musthave-shortener-tpl/internal/service/auth/mock_auth.go:52.68,58.2 5 0
github.com/kamencov/go-musthave-shortener-tpl/internal/service/auth/mock_auth.go:61.83,64.2 2 0
github.com/kamencov/go-musthave-shortener-tpl/internal/storage/filestorage/checkFile.go:4.65,6.2 1 0
github.com/kamencov/go-musthave-shortener-tpl/internal/storage/filestorage/delFileURLs.go:6.67,8.2 1 0
github.com/kamencov/go-musthave-shortener-tpl/internal/storage/filestorage/getFile.go:13.60,16.16 2 0
github.com/kamencov/go-musthave-shortener-tpl/internal/storage/filestorage/getFile.go:16.16,18.3 1 0
github.com/kamencov/go-musthave-shortener-tpl/internal/storage/filestorage/getFile.go:19.2,23.21 3 0
github.com/kamencov/go-musthave-shortener-tpl/internal/storage/filestorage/getFile.go:23.21,27.17 4 0
github.com/kamencov/go-musthave-shortener-tpl/internal/storage/filestorage/getFile.go:27.17,28.12 1 0
github.com/kamencov/go-musthave-shortener-tpl/internal/storage/filestorage/getFile.go:30.3,30.33 1 0
github.com/kamencov/go-musthave-shortener-tpl/internal/storage/filestorage/getFile.go:30.33,32.4 1 0
github.com/kamencov/go-musthave-shortener-tpl/internal/storage/filestorage/getFile.go:35.2,35.65 1 0
github.com/kamencov/go-musthave-shortener-tpl/internal/storage/filestorage/getFile.go:39.82,41.2 1 0
github.com/kamencov/go-musthave-shortener-tpl/internal/storage/filestorage/saveEvent.go:33.54,36.16 2 1
github.com/kamencov/go-musthave-shortener-tpl/internal/storage/filestorage/saveEvent.go:36.16,38.3 1 0
github.com/kamencov/go-musthave-shortener-tpl/internal/storage/filestorage/saveEvent.go:40.2,41.16 2 1
github.com/kamencov/go-musthave-shortener-tpl/internal/storage/filestorage/saveEvent.go:41.16,43.3 1 0
github.com/kamencov/go-musthave-shortener-tpl/internal/storage/filestorage/saveEvent.go:44.2,48.21 3 1
github.com/kamencov/go-musthave-shortener-tpl/internal/storage/filestorage/saveEvent.go:48.21,50.3 1 0
github.com/kamencov/go-musthave-shortener-tpl/internal/storage/filestorage/saveEvent.go:52.2,55.8 1 1
github.com/kamencov/go-musthave-shortener-tpl/internal/storage/filestorage/saveEvent.go:59.55,61.2 1 1
github.com/kamencov/go-musthave-shortener-tpl/internal/storage/filestorage/saveEvent.go:64.34,66.2 1 0
github.com/kamencov/go-musthave-shortener-tpl/internal/storage/filestorage/saveEvent.go:69.33,71.2 1 0
github.com/kamencov/go-musthave-shortener-tpl/internal/storage/filestorage/saveEvent.go:80.54,83.16 2 0
github.com/kamencov/go-musthave-shortener-tpl/internal/storage/filestorage/saveEvent.go:83.16,85.3 1 0
github.com/kamencov/go-musthave-shortener-tpl/internal/storage/filestorage/saveEvent.go:87.2,90.8 1 0
github.com/kamencov/go-musthave-shortener-tpl/internal/storage/filestorage/saveEvent.go:95.48,99.49 2 0
github.com/kamencov/go-musthave-shortener-tpl/internal/storage/filestorage/saveEvent.go:99.49,101.3 1 0
github.com/kamencov/go-musthave-shortener-tpl/internal/storage/filestorage/saveEvent.go:103.2,103.19 1 0
github.com/kamencov/go-musthave-shortener-tpl/internal/storage/filestorage/saveEvent.go:107.34,109.2 1 0
github.com/kamencov/go-musthave-shortener-tpl/internal/storage/filestorage/saveFile.go:25.72,34.48 3 1
github.com/kamencov/go-musthave-shortener-tpl/internal/storage/filestorage/saveFile.go:34.48,36.3 1 0
github.com/kamencov/go-musthave-shortener-tpl/internal/storage/filestorage/saveFile.go:37.2,37.12 1 1
github.com/kamencov/go-musthave-shortener-tpl/internal/storage/filestorage/saveFile.go:41.117,43.2 1 0
github.com/kamencov/go-musthave-shortener-tpl/internal/storage/db/checkOriginalURL.go:12.67,17.63 2 1
github.com/kamencov/go-musthave-shortener-tpl/internal/storage/db/checkOriginalURL.go:17.63,19.3 1 1
github.com/kamencov/go-musthave-shortener-tpl/internal/storage/db/checkOriginalURL.go:21.2,21.38 1 1
github.com/kamencov/go-musthave-shortener-tpl/internal/storage/db/checkOriginalURL.go:25.51,29.27 1 1
github.com/kamencov/go-musthave-shortener-tpl/internal/storage/db/checkOriginalURL.go:29.27,31.3 1 0
github.com/kamencov/go-musthave-shortener-tpl/internal/storage/db/checkOriginalURL.go:32.2,32.12 1 1
github.com/kamencov/go-musthave-shortener-tpl/internal/storage/db/db.go:25.64,29.2 3 0
github.com/kamencov/go-musthave-shortener-tpl/internal/storage/db/db.go:32.58,34.16 2 0
github.com/kamencov/go-musthave-shortener-tpl/internal/storage/db/db.go:34.16,36.3 1 0
github.com/kamencov/go-musthave-shortener-tpl/internal/storage/db/db.go:37.2,42.16 5 0
github.com/kamencov/go-musthave-shortener-tpl/internal/storage/db/db.go:42.16,44.3 1 0
github.com/kamencov/go-musthave-shortener-tpl/internal/storage/db/db.go:45.2,45.12 1 0
github.com/kamencov/go-musthave-shortener-tpl/internal/storage/db/db.go:49.53,51.16 2 0
github.com/kamencov/go-musthave-shortener-tpl/internal/storage/db/db.go:51.16,53.3 1 0
github.com/kamencov/go-musthave-shortener-tpl/internal/storage/db/db.go:54.2,54.15 1 0
github.com/kamencov/go-musthave-shortener-tpl/internal/storage/db/db.go:54.15,55.17 1 0
github.com/kamencov/go-musthave-shortener-tpl/internal/storage/db/db.go:55.17,57.4 1 0
github.com/kamencov/go-musthave-shortener-tpl/internal/storage/db/db.go:57.9,59.4 1 0
github.com/kamencov/go-musthave-shortener-tpl/internal/storage/db/db.go:62.2,72.16 3 0
github.com/kamencov/go-musthave-shortener-tpl/internal/storage/db/db.go:72.16,74.3 1 0
github.com/kamencov/go-musthave-shortener-tpl/internal/storage/db/db.go:76.2,80.16 3 0
github.com/kamencov/go-musthave-shortener-tpl/internal/storage/db/db.go:80.16,82.3 1 0
github.com/kamencov/go-musthave-shortener-tpl/internal/storage/db/db.go:84.2,84.12 1 0
github.com/kamencov/go-musthave-shortener-tpl/internal/storage/db/db.go:88.35,90.2 1 0
github.com/kamencov/go-musthave-shortener-tpl/internal/storage/db/db.go:93.36,95.2 1 0
github.com/kamencov/go-musthave-shortener-tpl/internal/storage/db/delDB.go:8.70,9.20 1 1
github.com/kamencov/go-musthave-shortener-tpl/internal/storage/db/delDB.go:9.20,11.3 1 1
github.com/kamencov/go-musthave-shortener-tpl/internal/storage/db/delDB.go:14.2,18.27 3 1
github.com/kamencov/go-musthave-shortener-tpl/internal/storage/db/delDB.go:18.27,19.12 1 1
github.com/kamencov/go-musthave-shortener-tpl/internal/storage/db/delDB.go:19.12,21.4 1 1
github.com/kamencov/go-musthave-shortener-tpl/internal/storage/db/delDB.go:22.3,22.40 1 1
github.com/kamencov/go-musthave-shortener-tpl/internal/storage/db/delDB.go:24.2,28.16 3 1
github.com/kamencov/go-musthave-shortener-tpl/internal/storage/db/delDB.go:28.16,30.3 1 1
github.com/kamencov/go-musthave-shortener-tpl/internal/storage/db/delDB.go:32.2,32.12 1 1
github.com/kamencov/go-musthave-shortener-tpl/internal/storage/db/getDB.go:13.62,23.16 6 0
github.com/kamencov/go-musthave-shortener-tpl/internal/storage/db/getDB.go:23.16,25.3 1 0
github.com/kamencov/go-musthave-shortener-tpl/internal/storage/db/getDB.go:27.2,27.60 1 0
github.com/kamencov/go-musthave-shortener-tpl/internal/storage/db/getDB.go:27.60,29.3 1 0
github.com/kamencov/go-musthave-shortener-tpl/internal/storage/db/getDB.go:31.2,31.16 1 0
github.com/kamencov/go-musthave-shortener-tpl/internal/storage/db/getDB.go:31.16,33.3 1 0
github.com/kamencov/go-musthave-shortener-tpl/internal/storage/db/getDB.go:35.2,35.25 1 0
github.com/kamencov/go-musthave-shortener-tpl/internal/storage/db/getDB.go:39.84,43.16 3 0
github.com/kamencov/go-musthave-shortener-tpl/internal/storage/db/getDB.go:43.16,45.3 1 0
github.com/kamencov/go-musthave-shortener-tpl/internal/storage/db/getDB.go:47.2,51.16 3 0
github.com/kamencov/go-musthave-shortener-tpl/internal/storage/db/getDB.go:51.16,53.3 1 0
github.com/kamencov/go-musthave-shortener-tpl/internal/storage/db/getDB.go:54.2,57.18 2 0
github.com/kamencov/go-musthave-shortener-tpl/internal/storage/db/getDB.go:57.18,59.75 2 0
github.com/kamencov/go-musthave-shortener-tpl/internal/storage/db/getDB.go:59.75,61.4 1 0
github.com/kamencov/go-musthave-shortener-tpl/internal/storage/db/getDB.go:62.3,63.40 2 0
github.com/kamencov/go-musthave-shortener-tpl/internal/storage/db/getDB.go:67.2,67.34 1 0
github.com/kamencov/go-musthave-shortener-tpl/internal/storage/db/getDB.go:67.34,70.3 2 0
github.com/kamencov/go-musthave-shortener-tpl/internal/storage/db/getDB.go:73.2,74.22 2 0
github.com/kamencov/go-musthave-shortener-tpl/internal/storage/db/mock_db.go:25.67,29.2 3 0
github.com/kamencov/go-musthave-shortener-tpl/internal/storage/db/mock_db.go:32.65,34.2 1 0
github.com/kamencov/go-musthave-shortener-tpl/internal/storage/db/mock_db.go:37.41,42.2 4 0
github.com/kamencov/go-musthave-shortener-tpl/internal/storage/db/mock_db.go:45.61,48.2 2 0
github.com/kamencov/go-musthave-shortener-tpl/internal/storage/db/mock_db.go:51.40,56.2 4 0
github.com/kamencov/go-musthave-shortener-tpl/internal/storage/db/mock_db.go:59.60,62.2 2 0
github.com/kamencov/go-musthave-shortener-tpl/internal/storage/db/mock_db.go:65.63,70.2 4 0
github.com/kamencov/go-musthave-shortener-tpl/internal/storage/db/mock_db.go:73.88,76.2 2 0
github.com/kamencov/go-musthave-shortener-tpl/internal/storage/db/saveDB.go:11.74,13.18 2 1
github.com/kamencov/go-musthave-shortener-tpl/internal/storage/db/saveDB.go:13.18,15.3 1 1
github.com/kamencov/go-musthave-shortener-tpl/internal/storage/db/saveDB.go:18.2,19.16 2 1
github.com/kamencov/go-musthave-shortener-tpl/internal/storage/db/saveDB.go:19.16,21.3 1 1
github.com/kamencov/go-musthave-shortener-tpl/internal/storage/db/saveDB.go:23.2,25.16 3 1
github.com/kamencov/go-musthave-shortener-tpl/internal/storage/db/saveDB.go:25.16,29.3 2 1
github.com/kamencov/go-musthave-shortener-tpl/internal/storage/db/saveDB.go:32.2,32.20 1 1
github.com/kamencov/go-musthave-shortener-tpl/internal/storage/db/saveDB.go:36.119,40.16 3 1
github.com/kamencov/go-musthave-shortener-tpl/internal/storage/db/saveDB.go:40.16,42.3 1 0
github.com/kamencov/go-musthave-shortener-tpl/internal/storage/db/saveDB.go:45.2,45.27 1 1
github.com/kamencov/go-musthave-shortener-tpl/internal/storage/db/saveDB.go:45.27,48.17 2 1
github.com/kamencov/go-musthave-shortener-tpl/internal/storage/db/saveDB.go:48.17,50.18 2 1
github.com/kamencov/go-musthave-shortener-tpl/internal/storage/db/saveDB.go:50.18,52.5 1 0
github.com/kamencov/go-musthave-shortener-tpl/internal/storage/db/saveDB.go:55.3,61.16 3 1
github.com/kamencov/go-musthave-shortener-tpl/internal/storage/db/saveDB.go:65.2,66.31 2 1
github.com/kamencov/go-musthave-shortener-tpl/internal/storage/mapstorage/checkMap.go:4.67,6.2 1 1
github.com/kamencov/go-musthave-shortener-tpl/internal/storage/mapstorage/delMapURLs.go:6.69,8.2 1 1
github.com/kamencov/go-musthave-shortener-tpl/internal/storage/mapstorage/mapStorage.go:24.30,28.2 1 1
github.com/kamencov/go-musthave-shortener-tpl/internal/storage/mapstorage/mapStorage.go:31.66,34.15 3 1
github.com/kamencov/go-musthave-shortener-tpl/internal/storage/mapstorage/mapStorage.go:34.15,36.3 1 1
github.com/kamencov/go-musthave-shortener-tpl/internal/storage/mapstorage/mapStorage.go:38.2,39.12 2 1
github.com/kamencov/go-musthave-shortener-tpl/internal/storage/mapstorage/mapStorage.go:43.62,46.39 3 1
github.com/kamencov/go-musthave-shortener-tpl/internal/storage/mapstorage/mapStorage.go:46.39,48.3 1 1
github.com/kamencov/go-musthave-shortener-tpl/internal/storage/mapstorage/mapStorage.go:49.2,49.33 1 1
github.com/kamencov/go-musthave-shortener-tpl/internal/storage/mapstorage/mapStorage.go:53.36,55.2 1 0
github.com/kamencov/go-musthave-shortener-tpl/internal/storage/mapstorage/mapStorage.go:58.35,60.2 1 0
github.com/kamencov/go-musthave-shortener-tpl/internal/storage/mapstorage/mapStorage.go:63.119,65.2 1 0
github.com/kamencov/go-musthave-shortener-tpl/internal/storage/mapstorage/mapStorage.go:68.84,70.2 1 0
github.com/kamencov/go-musthave-shortener-tpl/internal/utils/gzip.go:17.63,22.2 1 0
github.com/kamencov/go-musthave-shortener-tpl/internal/utils/gzip.go:25.47,27.2 1 0
github.com/kamencov/go-musthave-shortener-tpl/internal/utils/gzip.go:30.55,32.2 1 0
github.com/kamencov/go-musthave-shortener-tpl/internal/utils/gzip.go:35.54,36.22 1 0
github.com/kamencov/go-musthave-shortener-tpl/internal/utils/gzip.go:36.22,38.3 1 0
github.com/kamencov/go-musthave-shortener-tpl/internal/utils/gzip.go:39.2,39.29 1 0
github.com/kamencov/go-musthave-shortener-tpl/internal/utils/gzip.go:43.40,45.2 1 0
github.com/kamencov/go-musthave-shortener-tpl/internal/utils/gzip.go:55.66,57.16 2 0
github.com/kamencov/go-musthave-shortener-tpl/internal/utils/gzip.go:57.16,59.3 1 0
github.com/kamencov/go-musthave-shortener-tpl/internal/utils/gzip.go:61.2,64.8 1 0
github.com/kamencov/go-musthave-shortener-tpl/internal/utils/gzip.go:68.59,70.2 1 0
github.com/kamencov/go-musthave-shortener-tpl/internal/utils/gzip.go:73.40,74.36 1 0
github.com/kamencov/go-musthave-shortener-tpl/internal/utils/gzip.go:74.36,76.3 1 0
github.com/kamencov/go-musthave-shortener-tpl/internal/utils/gzip.go:77.2,77.21 1 0
github.com/kamencov/go-musthave-shortener-tpl/internal/utils/utils.go:14.44,17.15 2 1
github.com/kamencov/go-musthave-shortener-tpl/internal/utils/utils.go:17.15,19.20 1 1
github.com/kamencov/go-musthave-shortener-tpl/internal/utils/utils.go:19.20,21.4 1 1
github.com/kamencov/go-musthave-shortener-tpl/internal/utils/utils.go:23.3,23.24 1 1
github.com/kamencov/go-musthave-shortener-tpl/internal/utils/utils.go:26.2,26.39 1 1
github.com/kamencov/go-musthave-shortener-tpl/internal/mocks/mock_storage.go:26.59,30.2 3 1
github.com/kamencov/go-musthave-shortener-tpl/internal/mocks/mock_storage.go:33.57,35.2 1 1
github.com/kamencov/go-musthave-shortener-tpl/internal/mocks/mock_storage.go:38.61,44.2 5 0
github.com/kamencov/go-musthave-shortener-tpl/internal/mocks/mock_storage.go:47.76,50.2 2 0
github.com/kamencov/go-musthave-shortener-tpl/internal/mocks/mock_storage.go:53.37,58.2 4 0
github.com/kamencov/go-musthave-shortener-tpl/internal/mocks/mock_storage.go:61.57,64.2 2 0
github.com/kamencov/go-musthave-shortener-tpl/internal/mocks/mock_storage.go:67.71,72.2 4 1
github.com/kamencov/go-musthave-shortener-tpl/internal/mocks/mock_storage.go:75.87,78.2 2 1
github.com/kamencov/go-musthave-shortener-tpl/internal/mocks/mock_storage.go:81.85,87.2 5 0
github.com/kamencov/go-musthave-shortener-tpl/internal/mocks/mock_storage.go:90.88,93.2 2 0
github.com/kamencov/go-musthave-shortener-tpl/internal/mocks/mock_storage.go:96.59,102.2 5 0
github.com/kamencov/go-musthave-shortener-tpl/internal/mocks/mock_storage.go:105.74,108.2 2 0
github.com/kamencov/go-musthave-shortener-tpl/internal/mocks/mock_storage.go:111.36,116.2 4 0
github.com/kamencov/go-musthave-shortener-tpl/internal/mocks/mock_storage.go:119.56,122.2 2 0
github.com/kamencov/go-musthave-shortener-tpl/internal/mocks/mock_storage.go:125.120,131.2 5 0
github.com/kamencov/go-musthave-shortener-tpl/internal/mocks/mock_storage.go:134.98,137.2 2 0
github.com/kamencov/go-musthave-shortener-tpl/internal/mocks/mock_storage.go:140.75,145.2 4 0
github.com/kamencov/go-musthave-shortener-tpl/internal/mocks/mock_storage.go:148.100,151.2 2 0
github.com/kamencov/go-musthave-shortener-tpl/internal/workers/mock_worker.go:25.57,29.2 3 0
github.com/kamencov/go-musthave-shortener-tpl/internal/workers/mock_worker.go:32.55,34.2 1 0
github.com/kamencov/go-musthave-shortener-tpl/internal/workers/mock_worker.go:37.77,42.2 4 0
github.com/kamencov/go-musthave-shortener-tpl/internal/workers/mock_worker.go:45.93,48.2 2 0
github.com/kamencov/go-musthave-shortener-tpl/internal/workers/worker.go:33.64,37.2 1 1
github.com/kamencov/go-musthave-shortener-tpl/internal/workers/worker.go:40.66,41.6 1 1
github.com/kamencov/go-musthave-shortener-tpl/internal/workers/worker.go:41.6,42.10 1 1
github.com/kamencov/go-musthave-shortener-tpl/internal/workers/worker.go:43.29,44.34 1 1
github.com/kamencov/go-musthave-shortener-tpl/internal/workers/worker.go:45.21,46.10 1 0
github.com/kamencov/go-musthave-shortener-tpl/internal/workers/worker.go:52.83,53.66 1 1
github.com/kamencov/go-musthave-shortener-tpl/internal/workers/worker.go:53.66,54.10 1 0
github.com/kamencov/go-musthave-shortener-tpl/internal/workers/worker.go:55.30,55.30 0 0
github.com/kamencov/go-musthave-shortener-tpl/internal/workers/worker.go:56.21,57.64 1 0
github.com/kamencov/go-musthave-shortener-tpl/internal/workers/worker.go:63.65,64.6 1 0
github.com/kamencov/go-musthave-shortener-tpl/internal/workers/worker.go:64.6,65.10 1 0
github.com/kamencov/go-musthave-shortener-tpl/internal/workers/worker.go:66.32,67.62 1 0
github.com/kamencov/go-musthave-shortener-tpl/internal/workers/worker.go:68.21,70.10 2 0
github.com/kamencov/go-musthave-shortener-tpl/internal/workers/worker.go:76.80,77.9 1 1
github.com/kamencov/go-musthave-shortener-tpl/internal/workers/worker.go:78.26,79.13 1 1
github.com/kamencov/go-musthave-shortener-tpl/internal/workers/worker.go:80.10,81.92 1 0
